[2026-03-09T18:52:10+01:00] Earthquakes feed fetch failed: USGS https://earthquake.usgs.gov/earthquakes/feed/v1.0/summary/all_day.geojson
[2026-03-09T18:52:10+01:00] Earthquakes feed fetch failed: INGV https://webservices.ingv.it/fdsnws/event/1/query?format=geojson&limit=120&orderby=time
[2026-03-09T18:52:10+01:00] Earthquakes feed fetch failed: EMSC https://www.seismicportal.eu/fdsnws/event/1/query?format=json&limit=120&orderby=time
[2026-03-09T19:25:00+01:00] Earthquakes feed fetch failed: USGS https://earthquake.usgs.gov/earthquakes/feed/v1.0/summary/all_day.geojson
[2026-03-09T19:25:00+01:00] Earthquakes feed fetch failed: INGV https://webservices.ingv.it/fdsnws/event/1/query?format=geojson&limit=1000&orderby=time
[2026-03-09T19:25:00+01:00] Earthquakes feed fetch failed: EMSC https://www.seismicportal.eu/fdsnws/event/1/query?format=json&limit=1000&orderby=time
[2026-03-09T19:29:41+01:00] Earthquakes feed fetch failed: USGS https://earthquake.usgs.gov/earthquakes/feed/v1.0/summary/all_day.geojson
[2026-03-09T19:29:41+01:00] Earthquakes feed fetch failed: INGV https://webservices.ingv.it/fdsnws/event/1/query?format=geojson&limit=1000&orderby=time
[2026-03-09T19:29:41+01:00] Earthquakes feed fetch failed: EMSC https://www.seismicportal.eu/fdsnws/event/1/query?format=json&limit=1000&orderby=time
[2026-03-09T19:30:44+01:00] Earthquakes feed fetch failed: USGS https://earthquake.usgs.gov/earthquakes/feed/v1.0/summary/all_day.geojson
[2026-03-09T19:30:44+01:00] Earthquakes feed fetch failed: INGV https://webservices.ingv.it/fdsnws/event/1/query?format=geojson&limit=1000&orderby=time
[2026-03-09T19:30:44+01:00] Earthquakes feed fetch failed: EMSC https://www.seismicportal.eu/fdsnws/event/1/query?format=json&limit=1000&orderby=time
[2026-03-09T19:31:43+01:00] Earthquakes feed fetch failed: USGS https://earthquake.usgs.gov/earthquakes/feed/v1.0/summary/all_day.geojson
[2026-03-09T19:31:43+01:00] Earthquakes feed fetch failed: INGV https://webservices.ingv.it/fdsnws/event/1/query?format=geojson&limit=1000&orderby=time
[2026-03-09T19:31:43+01:00] Earthquakes feed fetch failed: EMSC https://www.seismicportal.eu/fdsnws/event/1/query?format=json&limit=1000&orderby=time
[2026-03-09T19:34:47+01:00] Earthquakes feed fetch failed: USGS https://earthquake.usgs.gov/earthquakes/feed/v1.0/summary/all_day.geojson
[2026-03-09T19:34:47+01:00] Earthquakes feed fetch failed: INGV https://webservices.ingv.it/fdsnws/event/1/query?format=geojson&limit=1000&orderby=time
[2026-03-09T19:34:47+01:00] Earthquakes feed fetch failed: EMSC https://www.seismicportal.eu/fdsnws/event/1/query?format=json&limit=1000&orderby=time
[2026-03-09T19:37:45+01:00] Earthquakes feed fetch failed: USGS https://earthquake.usgs.gov/earthquakes/feed/v1.0/summary/all_day.geojson
[2026-03-09T19:37:45+01:00] Earthquakes feed fetch failed: INGV https://webservices.ingv.it/fdsnws/event/1/query?format=geojson&limit=1000&orderby=time
[2026-03-09T19:37:45+01:00] Earthquakes feed fetch failed: EMSC https://www.seismicportal.eu/fdsnws/event/1/query?format=json&limit=1000&orderby=time
[2026-03-10T14:01:20+01:00] Tsunami feed fetch failed: https://api.weather.gov/alerts/active?status=actual&message_type=alert
[2026-03-10T15:15:46+01:00] Bulletins feed fetch failed [usgs_updates]: https://www.usgs.gov/feeds/news
[2026-03-10T15:15:48+01:00] Bulletins feed fetch failed [noaa_swpc]: https://www.swpc.noaa.gov/products-and-data/alerts-and-forecasts/rss
[2026-03-10T15:34:22+01:00] Space weather Kp feed fetch failed: https://services.swpc.noaa.gov/products/noaa-planetary-k-index.json
[2026-03-10T15:34:39+01:00] Space weather Kp feed fetch failed: https://services.swpc.noaa.gov/products/noaa-planetary-k-index.json
[2026-03-10T15:38:16+01:00] Space weather Kp feed fetch failed: https://services.swpc.noaa.gov/products/noaa-planetary-k-index.json
[2026-03-10T15:41:33+01:00] Space weather Kp feed fetch failed: https://services.swpc.noaa.gov/products/noaa-planetary-k-index.json
[2026-03-10T15:46:59+01:00] Space weather Kp feed fetch failed: https://services.swpc.noaa.gov/products/noaa-planetary-k-index.json
[2026-03-10T17:02:50+01:00] Event history count request failed
[2026-03-10T17:04:07+01:00] Event history count request failed
[2026-03-10T17:06:55+01:00] Event history count request failed
[2026-03-10T18:29:30+01:00] Earthquakes feed fetch failed: USGS https://earthquake.usgs.gov/earthquakes/feed/v1.0/summary/all_day.geojson
[2026-03-10T18:29:30+01:00] Earthquakes feed fetch failed: INGV https://webservices.ingv.it/fdsnws/event/1/query?format=geojson&limit=1000&orderby=time
[2026-03-10T18:29:30+01:00] Earthquakes feed fetch failed: EMSC https://www.seismicportal.eu/fdsnws/event/1/query?format=json&limit=1000&orderby=time
[2026-03-10T21:40:52+01:00] Event history count request failed
[2026-03-11T22:24:16+01:00] Volcano catalog parse failed: https://volcano.si.edu/database/list_volcano_holocene_excel.cfm
[2026-03-11T22:24:54+01:00] Volcano catalog parse failed: https://volcano.si.edu/database/list_volcano_holocene_excel.cfm
[2026-03-11T22:25:39+01:00] Volcano catalog parse failed: https://volcano.si.edu/database/list_volcano_holocene_excel.cfm
[2026-03-11T22:25:56+01:00] Volcano catalog parse failed: https://volcano.si.edu/database/list_volcano_holocene_excel.cfm
[2026-03-11T22:27:17+01:00] Volcano catalog parse failed: https://volcano.si.edu/database/list_volcano_holocene_excel.cfm
[2026-03-11T22:27:30+01:00] Volcano catalog parse failed: https://volcano.si.edu/database/list_volcano_holocene_excel.cfm
